FILE_TYPE=LIBRARY_PARTS;
PRIMITIVE 'CM7V_T1A_32.768kHz_6pF_20PPM_TA_QC','CM7V_T1A_32.768kHz_6pF_20PPM_TA_QC_Other';
  PIN
    '1':
      PIN_NUMBER='(1)';
      NO_LOAD_CHECK=BOTH;
      NO_IO_CHECK=BOTH;
      ALLOW_CONNECT=TRUE;
      PINUSE='UNSPEC';
    '2':
      PIN_NUMBER='(2)';
      NO_LOAD_CHECK=BOTH;
      NO_IO_CHECK=BOTH;
      ALLOW_CONNECT=TRUE;
      PINUSE='UNSPEC';
  END_PIN;
  BODY
    PART_NAME='CM7V_T1A_32.768kHz_6pF_20PPM_TA_QC';
    PHYS_DES_PREFIX='Y';
    NO_LOAD_CHECK='TRUE';
    PIN_COUNT='2';
    BODY_NAME='CM7V_T1A_32.768kHz_6pF_20PPM_TA_QC';
    JEDEC_TYPE='CM7V32768TBQA020';
  END_BODY;
END_PRIMITIVE;
END.
